<?xml version="1.0" encoding="UTF-8"?>
<!-- Generated by org.testng.reporters.JUnitReportReporter -->
<testsuite hostname="DigientQALap04" failures="0" tests="1" name="com.testCases.login_TestCases" time="24.855" errors="0" timestamp="2021-05-17T13:16:13 IST" skipped="0">
  <testcase classname="com.testCases.login_TestCases" name="Login" time="24.855"/>
  <system-out>
RummyBaazi Site Opens  </system-out>
</testsuite> <!-- com.testCases.login_TestCases -->
